[debug] [2023-02-03T05:19:06.811Z] ----------------------------------------------------------------------
[debug] [2023-02-03T05:19:06.813Z] Command:       C:\Program Files\nodejs\node.exe C:\Program Files\nodejs\node_modules\firebase-tools\lib\bin\firebase.js init
[debug] [2023-02-03T05:19:06.814Z] CLI Version:   11.22.0
[debug] [2023-02-03T05:19:06.814Z] Platform:      win32
[debug] [2023-02-03T05:19:06.814Z] Node Version:  v18.12.1
[debug] [2023-02-03T05:19:06.816Z] Time:          Fri Feb 03 2023 10:49:06 GMT+0530 (India Standard Time)
[debug] [2023-02-03T05:19:06.816Z] ----------------------------------------------------------------------
[debug] 
[debug] [2023-02-03T05:19:06.924Z] > command requires scopes: ["email","openid","https://www.googleapis.com/auth/cloudplatformprojects.readonly","https://www.googleapis.com/auth/firebase","https://www.googleapis.com/auth/cloud-platform"]
[debug] [2023-02-03T05:19:06.925Z] > authorizing via signed-in user (elsoc2022@gmail.com)
[info] 
     ######## #### ########  ######## ########     ###     ######  ########
     ##        ##  ##     ## ##       ##     ##  ##   ##  ##       ##
     ######    ##  ########  ######   ########  #########  ######  ######
     ##        ##  ##    ##  ##       ##     ## ##     ##       ## ##
     ##       #### ##     ## ######## ########  ##     ##  ######  ########

You're about to initialize a Firebase project in this directory:

  C:\Users\JOY\OneDrive\Documents\Projects\elsoc-website\client

Before we get started, keep in mind:

  * You are initializing within an existing Firebase project directory

[info] 
=== Account Setup
[info] 
[info] Which account do you want to use for this project? Choose an account or add a new one now
[info] 
[debug] [2023-02-03T05:19:26.926Z] setProjectAccount(C:\Users\JOY\OneDrive\Documents\Projects\elsoc-website\client, joiyadkhan75@gmail.com)
[info] 
[info] +  Using account: joiyadkhan75@gmail.com 
[info] 
=== Project Setup
[info] 
[info] First, let's associate this project directory with a Firebase project.
[info] You can create multiple project aliases by running firebase use --add, 
[info] but for now we'll just set up a default project.
[info] 
[debug] [2023-02-03T05:19:26.950Z] Using project from CLI flag: elsoc-nith-8c7d0
[debug] [2023-02-03T05:19:26.958Z] >>> [apiv2][query] GET https://firebase.googleapis.com/v1beta1/projects/elsoc-nith-8c7d0 [none]
[debug] [2023-02-03T05:19:27.809Z] <<< [apiv2][status] GET https://firebase.googleapis.com/v1beta1/projects/elsoc-nith-8c7d0 403
[debug] [2023-02-03T05:19:27.809Z] <<< [apiv2][body] GET https://firebase.googleapis.com/v1beta1/projects/elsoc-nith-8c7d0 {"error":{"code":403,"message":"The caller does not have permission","status":"PERMISSION_DENIED"}}
[debug] [2023-02-03T05:19:27.811Z] HTTP Error: 403, The caller does not have permission
[debug] [2023-02-03T05:19:28.162Z] FirebaseError: HTTP Error: 403, The caller does not have permission
    at responseToError (C:\Users\JOY\AppData\Roaming\nvm\v18.12.1\node_modules\firebase-tools\lib\responseToError.js:49:12)
    at RetryOperation._fn (C:\Users\JOY\AppData\Roaming\nvm\v18.12.1\node_modules\firebase-tools\lib\apiv2.js:288:77)
    at process.processTicksAndRejections (node:internal/process/task_queues:95:5)
[error] 
[error] Error: Failed to get Firebase project elsoc-nith-8c7d0. Please make sure the project exists and your account has permission to access it.
